611   INFO  t.g.nvi.main.GetInfoFromEmcSymetrix - Starting GetInfoFromEmcSymetrix on N110881 with PID 31412 (C:\Users\ateke\IDRIVE\Development\eclipse-workspace\Projects\Nvi\target\classes started by ateke in C:\Users\ateke\IDRIVE\Development\eclipse-workspace\Projects\Nvi)
614   INFO  t.g.nvi.main.GetInfoFromEmcSymetrix - No active profile set, falling back to default profiles: default
1885  INFO  o.s.b.w.e.tomcat.TomcatWebServer - Tomcat initialized with port(s): 8080 (http)
1894  INFO  o.a.coyote.http11.Http11NioProtocol - Initializing ProtocolHandler ["http-nio-8080"]
1894  INFO  o.a.catalina.core.StandardService - Starting service [Tomcat]
1894  INFO  o.a.catalina.core.StandardEngine - Starting Servlet engine: [Apache Tomcat/9.0.37]
2045  INFO  o.a.c.c.C.[Tomcat].[localhost].[/] - Initializing Spring embedded WebApplicationContext
2045  INFO  o.s.b.w.s.c.ServletWebServerApplicationContext - Root WebApplicationContext: initialization completed in 1389 ms
3355  INFO  o.s.s.c.ThreadPoolTaskExecutor - Initializing ExecutorService 'applicationTaskExecutor'
3610  INFO  o.s.b.a.s.s.UserDetailsServiceAutoConfiguration - 

Using generated security password: 190393c8-f46b-4662-a3c1-da4676de9b32

3691  INFO  o.s.s.w.DefaultSecurityFilterChain - Creating filter chain: any request, [org.springframework.security.web.context.request.async.WebAsyncManagerIntegrationFilter@6cd166b8, org.springframework.security.web.context.SecurityContextPersistenceFilter@1108adc8, org.springframework.security.web.header.HeaderWriterFilter@b0e5507, org.springframework.security.web.csrf.CsrfFilter@7acfb656, org.springframework.security.web.authentication.logout.LogoutFilter@9d3c67, org.springframework.security.web.authentication.UsernamePasswordAuthenticationFilter@10895b16, org.springframework.security.web.authentication.ui.DefaultLoginPageGeneratingFilter@1744a475, org.springframework.security.web.authentication.ui.DefaultLogoutPageGeneratingFilter@2650f79, org.springframework.security.web.authentication.www.BasicAuthenticationFilter@21e20ad5, org.springframework.security.web.savedrequest.RequestCacheAwareFilter@20011bf, org.springframework.security.web.servletapi.SecurityContextHolderAwareRequestFilter@3fbcfe81, org.springframework.security.web.authentication.AnonymousAuthenticationFilter@75fc1992, org.springframework.security.web.session.SessionManagementFilter@3c46dcbe, org.springframework.security.web.access.ExceptionTranslationFilter@255e5e2e, org.springframework.security.web.access.intercept.FilterSecurityInterceptor@46731692]
3713  INFO  o.a.coyote.http11.Http11NioProtocol - Starting ProtocolHandler ["http-nio-8080"]
3739  INFO  o.s.b.w.e.tomcat.TomcatWebServer - Tomcat started on port(s): 8080 (http) with context path ''
3751  INFO  t.g.nvi.main.GetInfoFromEmcSymetrix - Started GetInfoFromEmcSymetrix in 3.46 seconds (JVM running for 3.89)
3902  INFO  tr.gov.nvi.service.SymmetrixService - SymmetrixList:{"symmetrixId":["000296700650"]}
3947  INFO  tr.gov.nvi.service.SymmetrixService - ArrayMetricsRequestBody:{"startDate":1603217216119,"endDate":1603217516119,"symmetrixId":"000296700650","dataFormat":"Average","metrics":["OverallHealthScore","HardwareHealthScore","SoftwareHealthScore","CriticalAlertCount","UsableCapacityTB","SubscribedCapacityTB","AllocatedCapacityTB"]}
3984  INFO  tr.gov.nvi.service.SymmetrixService - ArrayMetricsResponse:{"resultList":{"from":1,"to":1,"result":[{"timestamp":1602849300000,"subscribedCapacityTB":65.99414,"usableCapacityTB":85.94043,"allocatedCapacityTB":43.988472,"criticalAlertCount":0.0,"hardwareHealthScore":100.0,"overallHealthScore":100.0,"softwareHealthScore":100.0}]},"id":"68722c7f-a7cd-494b-ae9c-9071b7e64149_0","count":1,"expirationTime":1602852839568,"maxPageSize":1000}
3985  INFO  tr.gov.nvi.service.SymmetrixService - poolListRequestBody:{"symmetrixId":"000296700650"}
3995  INFO  tr.gov.nvi.service.SymmetrixService - Pool list:ThinPoolInfo [poolInfo=[ThinPool [poolId=DG1_F_F, firstAvailableDate=1601554200000, lastAvailableDate=1602851100000], ThinPool [poolId=DG2_F_F, firstAvailableDate=1601554200000, lastAvailableDate=1602851100000]]]
3999  INFO  tr.gov.nvi.service.SymmetrixService - ThinPoolMetricsRequestBody:{"startDate":1603217216207,"endDate":1603217516207,"symmetrixId":"000296700650","poolId":"DG1_F_F","dataFormat":"Average","metrics":["PercentUsedCapacity","TotalPoolCapacity","UsedPoolCapacity","EnabledPoolCapacity"]}
4003  INFO  tr.gov.nvi.service.SymmetrixService - ThinPoolMetricsResponse:{"resultList":{"from":1,"to":1,"result":[{"timestamp":1602849300000,"usedPoolCapacity":36438.28,"percentUsedCapacity":46.006298,"totalPoolCapacity":79202.81,"enabledPoolCapacity":79202.81}]},"id":"58f268cb-a726-4ded-a122-590230cec2b6_0","count":1,"expirationTime":1602849886121,"maxPageSize":1000}
4003  INFO  tr.gov.nvi.service.SymmetrixService - ThinPoolMetricsRequestBody:{"startDate":1603217216212,"endDate":1603217516212,"symmetrixId":"000296700650","poolId":"DG2_F_F","dataFormat":"Average","metrics":["PercentUsedCapacity","TotalPoolCapacity","UsedPoolCapacity","EnabledPoolCapacity"]}
4008  INFO  tr.gov.nvi.service.SymmetrixService - ThinPoolMetricsResponse:{"resultList":{"from":1,"to":1,"result":[{"timestamp":1602849300000,"usedPoolCapacity":36438.28,"percentUsedCapacity":46.006298,"totalPoolCapacity":79202.81,"enabledPoolCapacity":79202.81}]},"id":"58f268cb-a726-4ded-a122-590230cec2b6_0","count":1,"expirationTime":1602849886121,"maxPageSize":1000}
4008  INFO  tr.gov.nvi.service.SymmetrixService - Get Srp List for symmetrix:000296700650
4008  INFO  tr.gov.nvi.service.SymmetrixService - srpListRequestBody:{"symmetrixId":"000296700650"}
4017  INFO  tr.gov.nvi.service.SymmetrixService - srpListResponse:SrpInfo [srpInfo=[Srp [srpId=*SRP_1*, firstAvailableDate=1601554200000, lastAvailableDate=1602851100000]]]
4019  INFO  tr.gov.nvi.service.SymmetrixService - SrpMetricsRequestBody:{"startDate":1603217216226,"endDate":1603217516226,"symmetrixId":"000296700650","srpId":"*SRP_1*","dataFormat":"Average","metrics":["TotalSRPCapacity","UsedSRPCapacity"]}
4023  INFO  tr.gov.nvi.service.SymmetrixService - SrpMetricsResponse:{"resultList":{"from":1,"to":1,"result":[{"timestamp":1602849300000,"totalSRPCapacity":88003.125,"usedSRPCapacity":45044.195}]},"id":"d6b404ed-9718-497f-899d-8e171ff2434a_0","count":1,"expirationTime":1602851015622,"maxPageSize":1000}
4682  INFO  o.s.s.c.ThreadPoolTaskExecutor - Shutting down ExecutorService 'applicationTaskExecutor'
